2025-05-12 16:30:18:3018 [31merror[39m: [31mError initializing existing integrations: prisma is not defined[39m
2025-05-12 16:30:39:3039 [31merror[39m: [31mError initializing existing integrations: prisma is not defined[39m
2025-05-12 16:32:27:3227 [31merror[39m: [31mError initializing existing integrations: prisma is not defined[39m
2025-05-12 16:32:49:3249 [31merror[39m: [31mError initializing existing integrations: prisma is not defined[39m
2025-05-12 16:43:20:4320 [32minfo[39m: [32mReport scheduler initialized[39m
2025-05-12 16:43:20:4320 [32minfo[39m: [32mAll background workers initialized[39m
2025-05-12 16:43:20:4320 [32minfo[39m: [32m[39m
[32m  =====================================================[39m
[32m  🚀 SOAR Platform running on port 5000[39m
[32m  =====================================================[39m
[32m  Environment: development[39m
[32m  REST API:    http://localhost:5000/api[39m
[32m  WebSocket:   ws://localhost:5000[39m
[32m  =====================================================[39m
[32m  [39m
2025-05-12 16:43:23:4323 [32minfo[39m: [32mFound 0 active integrations to initialize[39m
2025-05-12 16:43:23:4323 [32minfo[39m: [32mIntegration poller initialized successfully[39m
2025-05-12 16:43:52:4352 [32minfo[39m: [32mReport scheduler initialized[39m
2025-05-12 16:43:52:4352 [32minfo[39m: [32mAll background workers initialized[39m
2025-05-12 16:43:52:4352 [32minfo[39m: [32m[39m
[32m  =====================================================[39m
[32m  🚀 SOAR Platform running on port 5000[39m
[32m  =====================================================[39m
[32m  Environment: development[39m
[32m  REST API:    http://localhost:5000/api[39m
[32m  WebSocket:   ws://localhost:5000[39m
[32m  =====================================================[39m
[32m  [39m
2025-05-12 16:43:55:4355 [32minfo[39m: [32mFound 0 active integrations to initialize[39m
2025-05-12 16:43:55:4355 [32minfo[39m: [32mIntegration poller initialized successfully[39m
2025-05-12 18:55:48:5548 [32minfo[39m: [32mReport scheduler initialized[39m
2025-05-12 18:55:48:5548 [32minfo[39m: [32mAll background workers initialized[39m
2025-05-12 18:55:48:5548 [32minfo[39m: [32m[39m
[32m  =====================================================[39m
[32m  🚀 SOAR Platform running on port 5000[39m
[32m  =====================================================[39m
[32m  Environment: development[39m
[32m  REST API:    http://localhost:5000/api[39m
[32m  WebSocket:   ws://localhost:5000[39m
[32m  =====================================================[39m
[32m  [39m
2025-05-12 18:55:55:5555 [31merror[39m: [31mError initializing existing integrations: [39m
[31mInvalid `prisma?.dataSourceIntegration.findMany()` invocation in[39m
[31mC:\Users\HP\Desktop\y-presentation\server\dist\services\integration.services.js:16:78[39m

[31m  13 }[39m
[31m  14 async initializeExistingIntegrations() {[39m
[31m  15     try {[39m
[31m→ 16         const existingIntegrations = await prisma?.dataSourceIntegration.findMany([39m
[31mCan't reach database server at `eu-central-1.sql.xata.sh:5432`[39m

[31mPlease make sure your database server is running at `eu-central-1.sql.xata.sh:5432`.[39m
2025-05-12 18:55:55:5555 [31merror[39m: [31mError initializing existing integrations: [39m
[31mInvalid `prisma_client_1.default?.dataSourceIntegration.findMany()` invocation in[39m
[31mC:\Users\HP\Desktop\y-presentation\server\dist\worker\integration.poller.js:28:87[39m

[31m  25 }[39m
[31m  26 async initializeExistingIntegrations() {[39m
[31m  27     try {[39m
[31m→ 28         const integrations = await prisma_client_1.default?.dataSourceIntegration.findMany([39m
[31mCan't reach database server at `eu-central-1.sql.xata.sh:5432`[39m

[31mPlease make sure your database server is running at `eu-central-1.sql.xata.sh:5432`.[39m
2025-05-12 18:55:55:5555 [31merror[39m: [31mFailed to initialize integration poller: [39m
[31mInvalid `prisma_client_1.default?.dataSourceIntegration.findMany()` invocation in[39m
[31mC:\Users\HP\Desktop\y-presentation\server\dist\worker\integration.poller.js:28:87[39m

[31m  25 }[39m
[31m  26 async initializeExistingIntegrations() {[39m
[31m  27     try {[39m
[31m→ 28         const integrations = await prisma_client_1.default?.dataSourceIntegration.findMany([39m
[31mCan't reach database server at `eu-central-1.sql.xata.sh:5432`[39m

[31mPlease make sure your database server is running at `eu-central-1.sql.xata.sh:5432`.[39m
2025-05-12 18:55:55:5555 [31merror[39m: [31mUnhandled Rejection: [39m
[31mInvalid `prisma_client_1.default?.dataSourceIntegration.findMany()` invocation in[39m
[31mC:\Users\HP\Desktop\y-presentation\server\dist\worker\integration.poller.js:28:87[39m

[31m  25 }[39m
[31m  26 async initializeExistingIntegrations() {[39m
[31m  27     try {[39m
[31m→ 28         const integrations = await prisma_client_1.default?.dataSourceIntegration.findMany([39m
[31mCan't reach database server at `eu-central-1.sql.xata.sh:5432`[39m

[31mPlease make sure your database server is running at `eu-central-1.sql.xata.sh:5432`.[39m
2025-05-12 18:57:19:5719 [32minfo[39m: [32mReport scheduler initialized[39m
2025-05-12 18:57:19:5719 [32minfo[39m: [32mAll background workers initialized[39m
2025-05-12 18:57:19:5719 [32minfo[39m: [32m[39m
[32m  =====================================================[39m
[32m  🚀 SOAR Platform running on port 5000[39m
[32m  =====================================================[39m
[32m  Environment: development[39m
[32m  REST API:    http://localhost:5000/api[39m
[32m  WebSocket:   ws://localhost:5000[39m
[32m  =====================================================[39m
[32m  [39m
2025-05-12 18:57:23:5723 [32minfo[39m: [32mFound 0 active integrations to initialize[39m
2025-05-12 18:57:23:5723 [32minfo[39m: [32mIntegration poller initialized successfully[39m
2025-05-12 19:55:06:556 [32minfo[39m: [32m[POST] /api/api/auth/login[39m
2025-05-12 19:55:06:556 [31merror[39m: [31mAPI Error: Authentication token missing[39m
2025-05-12 19:55:31:5531 [32minfo[39m: [32m[POST] /api/api/auth/login[39m
2025-05-12 19:55:31:5531 [31merror[39m: [31mAPI Error: Authentication token missing[39m
2025-05-12 19:57:00:570 [32minfo[39m: [32m[POST] /api/api/auth/login[39m
2025-05-12 19:57:00:570 [31merror[39m: [31mAPI Error: Authentication token missing[39m
2025-05-12 19:57:27:5727 [32minfo[39m: [32m[POST] /api/api/auth/login[39m
2025-05-12 19:57:27:5727 [31merror[39m: [31mAPI Error: Authentication token missing[39m
2025-05-12 19:57:55:5755 [32minfo[39m: [32m[POST] /api/api/auth/login[39m
2025-05-12 19:57:55:5755 [31merror[39m: [31mAPI Error: Authentication token missing[39m
2025-05-12 19:59:40:5940 [32minfo[39m: [32m[POST] /api/auth/login[39m
2025-05-12 19:59:40:5940 [31merror[39m: [31mAPI Error: [[39m
[31m  {[39m
[31m    "code": "invalid_type",[39m
[31m    "expected": "string",[39m
[31m    "received": "undefined",[39m
[31m    "path": [[39m
[31m      "email"[39m
[31m    ],[39m
[31m    "message": "Required"[39m
[31m  },[39m
[31m  {[39m
[31m    "code": "invalid_type",[39m
[31m    "expected": "string",[39m
[31m    "received": "undefined",[39m
[31m    "path": [[39m
[31m      "password"[39m
[31m    ],[39m
[31m    "message": "Required"[39m
[31m  }[39m
[31m][39m
2025-05-12 19:59:43:5943 [32minfo[39m: [32m[POST] /api/auth/login[39m
2025-05-12 19:59:43:5943 [31merror[39m: [31mAPI Error: [[39m
[31m  {[39m
[31m    "code": "invalid_type",[39m
[31m    "expected": "string",[39m
[31m    "received": "undefined",[39m
[31m    "path": [[39m
[31m      "email"[39m
[31m    ],[39m
[31m    "message": "Required"[39m
[31m  },[39m
[31m  {[39m
[31m    "code": "invalid_type",[39m
[31m    "expected": "string",[39m
[31m    "received": "undefined",[39m
[31m    "path": [[39m
[31m      "password"[39m
[31m    ],[39m
[31m    "message": "Required"[39m
[31m  }[39m
[31m][39m
2025-05-12 20:00:13:013 [32minfo[39m: [32m[POST] /api/auth/login[39m
2025-05-12 20:00:13:013 [31merror[39m: [31mAPI Error: [[39m
[31m  {[39m
[31m    "code": "invalid_type",[39m
[31m    "expected": "string",[39m
[31m    "received": "undefined",[39m
[31m    "path": [[39m
[31m      "email"[39m
[31m    ],[39m
[31m    "message": "Required"[39m
[31m  },[39m
[31m  {[39m
[31m    "code": "invalid_type",[39m
[31m    "expected": "string",[39m
[31m    "received": "undefined",[39m
[31m    "path": [[39m
[31m      "password"[39m
[31m    ],[39m
[31m    "message": "Required"[39m
[31m  }[39m
[31m][39m
2025-05-12 20:03:14:314 [32minfo[39m: [32mReport scheduler initialized[39m
2025-05-12 20:03:14:314 [32minfo[39m: [32mAll background workers initialized[39m
2025-05-12 20:03:15:315 [32minfo[39m: [32m[39m
[32m  =====================================================[39m
[32m  🚀 SOAR Platform running on port 5000[39m
[32m  =====================================================[39m
[32m  Environment: development[39m
[32m  REST API:    http://localhost:5000/api[39m
[32m  WebSocket:   ws://localhost:5000[39m
[32m  =====================================================[39m
[32m  [39m
2025-05-12 20:03:18:318 [32minfo[39m: [32mFound 0 active integrations to initialize[39m
2025-05-12 20:03:18:318 [32minfo[39m: [32mIntegration poller initialized successfully[39m
2025-05-12 20:03:40:340 [32minfo[39m: [32m[POST] /api/auth/login[39m
2025-05-12 20:03:40:340 [31merror[39m: [31mAPI Error: [[39m
[31m  {[39m
[31m    "code": "invalid_type",[39m
[31m    "expected": "string",[39m
[31m    "received": "undefined",[39m
[31m    "path": [[39m
[31m      "email"[39m
[31m    ],[39m
[31m    "message": "Required"[39m
[31m  },[39m
[31m  {[39m
[31m    "code": "invalid_type",[39m
[31m    "expected": "string",[39m
[31m    "received": "undefined",[39m
[31m    "path": [[39m
[31m      "password"[39m
[31m    ],[39m
[31m    "message": "Required"[39m
[31m  }[39m
[31m][39m
2025-05-12 20:03:43:343 [32minfo[39m: [32m[POST] /api/auth/login[39m
2025-05-12 20:03:43:343 [31merror[39m: [31mAPI Error: [[39m
[31m  {[39m
[31m    "code": "invalid_type",[39m
[31m    "expected": "string",[39m
[31m    "received": "undefined",[39m
[31m    "path": [[39m
[31m      "email"[39m
[31m    ],[39m
[31m    "message": "Required"[39m
[31m  },[39m
[31m  {[39m
[31m    "code": "invalid_type",[39m
[31m    "expected": "string",[39m
[31m    "received": "undefined",[39m
[31m    "path": [[39m
[31m      "password"[39m
[31m    ],[39m
[31m    "message": "Required"[39m
[31m  }[39m
[31m][39m
2025-05-12 20:06:15:615 [32minfo[39m: [32m[POST] /api/auth/login%20[39m
2025-05-12 20:06:15:615 [31merror[39m: [31mAPI Error: Authentication token missing[39m
2025-05-12 20:08:30:830 [32minfo[39m: [32mReport scheduler initialized[39m
2025-05-12 20:08:30:830 [32minfo[39m: [32mAll background workers initialized[39m
2025-05-12 20:08:30:830 [32minfo[39m: [32m[39m
[32m  =====================================================[39m
[32m  🚀 SOAR Platform running on port 5000[39m
[32m  =====================================================[39m
[32m  Environment: development[39m
[32m  REST API:    http://localhost:5000/api[39m
[32m  WebSocket:   ws://localhost:5000[39m
[32m  =====================================================[39m
[32m  [39m
2025-05-12 20:08:33:833 [32minfo[39m: [32mFound 0 active integrations to initialize[39m
2025-05-12 20:08:33:833 [32minfo[39m: [32mIntegration poller initialized successfully[39m
2025-05-12 20:22:04:224 [32minfo[39m: [32mReport scheduler initialized[39m
2025-05-12 20:22:04:224 [32minfo[39m: [32mAll background workers initialized[39m
2025-05-12 20:22:04:224 [32minfo[39m: [32m[39m
[32m  =====================================================[39m
[32m  🚀 SOAR Platform running on port 5000[39m
[32m  =====================================================[39m
[32m  Environment: development[39m
[32m  REST API:    http://localhost:5000/api[39m
[32m  WebSocket:   ws://localhost:5000[39m
[32m  =====================================================[39m
[32m  [39m
2025-05-12 20:22:09:229 [31merror[39m: [31mError initializing existing integrations: [39m
[31mInvalid `prisma?.dataSourceIntegration.findMany()` invocation in[39m
[31mC:\Users\HP\Desktop\y-presentation\server\dist\services\integration.services.js:16:78[39m

[31m  13 }[39m
[31m  14 async initializeExistingIntegrations() {[39m
[31m  15     try {[39m
[31m→ 16         const existingIntegrations = await prisma?.dataSourceIntegration.findMany([39m
[31mCan't reach database server at `eu-central-1.sql.xata.sh:5432`[39m

[31mPlease make sure your database server is running at `eu-central-1.sql.xata.sh:5432`.[39m
2025-05-12 20:22:09:229 [31merror[39m: [31mError initializing existing integrations: [39m
[31mInvalid `prisma_client_1.default?.dataSourceIntegration.findMany()` invocation in[39m
[31mC:\Users\HP\Desktop\y-presentation\server\dist\worker\integration.poller.js:28:87[39m

[31m  25 }[39m
[31m  26 async initializeExistingIntegrations() {[39m
[31m  27     try {[39m
[31m→ 28         const integrations = await prisma_client_1.default?.dataSourceIntegration.findMany([39m
[31mCan't reach database server at `eu-central-1.sql.xata.sh:5432`[39m

[31mPlease make sure your database server is running at `eu-central-1.sql.xata.sh:5432`.[39m
2025-05-12 20:22:09:229 [31merror[39m: [31mFailed to initialize integration poller: [39m
[31mInvalid `prisma_client_1.default?.dataSourceIntegration.findMany()` invocation in[39m
[31mC:\Users\HP\Desktop\y-presentation\server\dist\worker\integration.poller.js:28:87[39m

[31m  25 }[39m
[31m  26 async initializeExistingIntegrations() {[39m
[31m  27     try {[39m
[31m→ 28         const integrations = await prisma_client_1.default?.dataSourceIntegration.findMany([39m
[31mCan't reach database server at `eu-central-1.sql.xata.sh:5432`[39m

[31mPlease make sure your database server is running at `eu-central-1.sql.xata.sh:5432`.[39m
2025-05-12 20:22:09:229 [31merror[39m: [31mUnhandled Rejection: [39m
[31mInvalid `prisma_client_1.default?.dataSourceIntegration.findMany()` invocation in[39m
[31mC:\Users\HP\Desktop\y-presentation\server\dist\worker\integration.poller.js:28:87[39m

[31m  25 }[39m
[31m  26 async initializeExistingIntegrations() {[39m
[31m  27     try {[39m
[31m→ 28         const integrations = await prisma_client_1.default?.dataSourceIntegration.findMany([39m
[31mCan't reach database server at `eu-central-1.sql.xata.sh:5432`[39m

[31mPlease make sure your database server is running at `eu-central-1.sql.xata.sh:5432`.[39m
2025-05-12 20:24:50:2450 [32minfo[39m: [32mReport scheduler initialized[39m
2025-05-12 20:24:50:2450 [32minfo[39m: [32mAll background workers initialized[39m
2025-05-12 20:24:50:2450 [32minfo[39m: [32m[39m
[32m  =====================================================[39m
[32m  🚀 SOAR Platform running on port 5000[39m
[32m  =====================================================[39m
[32m  Environment: development[39m
[32m  REST API:    http://localhost:5000/api[39m
[32m  WebSocket:   ws://localhost:5000[39m
[32m  =====================================================[39m
[32m  [39m
2025-05-12 20:24:54:2454 [32minfo[39m: [32mFound 0 active integrations to initialize[39m
2025-05-12 20:24:54:2454 [32minfo[39m: [32mIntegration poller initialized successfully[39m
2025-05-12 20:25:07:257 [32minfo[39m: [32mReport scheduler initialized[39m
2025-05-12 20:25:07:257 [32minfo[39m: [32mAll background workers initialized[39m
2025-05-12 20:25:07:257 [32minfo[39m: [32m[39m
[32m  =====================================================[39m
[32m  🚀 SOAR Platform running on port 5000[39m
[32m  =====================================================[39m
[32m  Environment: development[39m
[32m  REST API:    http://localhost:5000/api[39m
[32m  WebSocket:   ws://localhost:5000[39m
[32m  =====================================================[39m
[32m  [39m
2025-05-12 20:25:12:2512 [32minfo[39m: [32mFound 0 active integrations to initialize[39m
2025-05-12 20:25:12:2512 [32minfo[39m: [32mIntegration poller initialized successfully[39m
2025-05-12 20:25:47:2547 [32minfo[39m: [32mReport scheduler initialized[39m
2025-05-12 20:25:47:2547 [32minfo[39m: [32mAll background workers initialized[39m
2025-05-12 20:25:47:2547 [32minfo[39m: [32m[39m
[32m  =====================================================[39m
[32m  🚀 SOAR Platform running on port 5000[39m
[32m  =====================================================[39m
[32m  Environment: development[39m
[32m  REST API:    http://localhost:5000/api[39m
[32m  WebSocket:   ws://localhost:5000[39m
[32m  =====================================================[39m
[32m  [39m
2025-05-12 20:25:51:2551 [32minfo[39m: [32mFound 0 active integrations to initialize[39m
2025-05-12 20:25:51:2551 [32minfo[39m: [32mIntegration poller initialized successfully[39m
2025-05-12 20:25:58:2558 [32minfo[39m: [32m[POST] /api/auth/login%20[39m
2025-05-12 20:25:58:2558 [31merror[39m: [31mAPI Error: Authentication token missing[39m
2025-05-12 20:26:34:2634 [32minfo[39m: [32mReport scheduler initialized[39m
2025-05-12 20:26:34:2634 [32minfo[39m: [32mAll background workers initialized[39m
2025-05-12 20:26:34:2634 [32minfo[39m: [32m[39m
[32m  =====================================================[39m
[32m  🚀 SOAR Platform running on port 5000[39m
[32m  =====================================================[39m
[32m  Environment: development[39m
[32m  REST API:    http://localhost:5000/api[39m
[32m  WebSocket:   ws://localhost:5000[39m
[32m  =====================================================[39m
[32m  [39m
2025-05-12 20:26:36:2636 [32minfo[39m: [32mFound 0 active integrations to initialize[39m
2025-05-12 20:26:36:2636 [32minfo[39m: [32mIntegration poller initialized successfully[39m
2025-05-12 20:27:23:2723 [32minfo[39m: [32mReport scheduler initialized[39m
2025-05-12 20:27:23:2723 [32minfo[39m: [32mAll background workers initialized[39m
2025-05-12 20:27:23:2723 [32minfo[39m: [32m[39m
[32m  =====================================================[39m
[32m  🚀 SOAR Platform running on port 5000[39m
[32m  =====================================================[39m
[32m  Environment: development[39m
[32m  REST API:    http://localhost:5000/api[39m
[32m  WebSocket:   ws://localhost:5000[39m
[32m  =====================================================[39m
[32m  [39m
2025-05-12 20:27:27:2727 [32minfo[39m: [32mFound 0 active integrations to initialize[39m
2025-05-12 20:27:27:2727 [32minfo[39m: [32mIntegration poller initialized successfully[39m
2025-05-12 20:27:34:2734 [32minfo[39m: [32mReport scheduler initialized[39m
2025-05-12 20:27:34:2734 [32minfo[39m: [32mAll background workers initialized[39m
2025-05-12 20:27:34:2734 [32minfo[39m: [32m[39m
[32m  =====================================================[39m
[32m  🚀 SOAR Platform running on port 5000[39m
[32m  =====================================================[39m
[32m  Environment: development[39m
[32m  REST API:    http://localhost:5000/api[39m
[32m  WebSocket:   ws://localhost:5000[39m
[32m  =====================================================[39m
[32m  [39m
2025-05-12 20:27:38:2738 [32minfo[39m: [32mFound 0 active integrations to initialize[39m
2025-05-12 20:27:38:2738 [32minfo[39m: [32mIntegration poller initialized successfully[39m
2025-05-12 20:27:42:2742 [32minfo[39m: [32m[POST] /api/auth/login%20[39m
2025-05-12 20:27:42:2742 [31merror[39m: [31mAPI Error: Authentication token missing[39m
2025-05-12 20:28:34:2834 [32minfo[39m: [32mReport scheduler initialized[39m
2025-05-12 20:28:34:2834 [32minfo[39m: [32mAll background workers initialized[39m
2025-05-12 20:28:34:2834 [32minfo[39m: [32m[39m
[32m  =====================================================[39m
[32m  🚀 SOAR Platform running on port 5000[39m
[32m  =====================================================[39m
[32m  Environment: development[39m
[32m  REST API:    http://localhost:5000/api[39m
[32m  WebSocket:   ws://localhost:5000[39m
[32m  =====================================================[39m
[32m  [39m
2025-05-12 20:28:36:2836 [32minfo[39m: [32mFound 0 active integrations to initialize[39m
2025-05-12 20:28:36:2836 [32minfo[39m: [32mIntegration poller initialized successfully[39m
2025-05-12 20:29:11:2911 [32minfo[39m: [32m[POST] /api/auth/login%20[39m
2025-05-12 20:29:11:2911 [31merror[39m: [31mAPI Error: Authentication token missing[39m
2025-05-12 20:29:12:2912 [32minfo[39m: [32m[POST] /api/auth/login%20[39m
2025-05-12 20:29:12:2912 [31merror[39m: [31mAPI Error: Authentication token missing[39m
2025-05-12 20:29:15:2915 [32minfo[39m: [32m[POST] /api/auth/login%20[39m
2025-05-12 20:29:15:2915 [31merror[39m: [31mAPI Error: Authentication token missing[39m
2025-05-12 20:29:16:2916 [32minfo[39m: [32m[POST] /api/auth/login%20[39m
2025-05-12 20:29:16:2916 [31merror[39m: [31mAPI Error: Authentication token missing[39m
2025-05-12 20:29:16:2916 [32minfo[39m: [32m[POST] /api/auth/login%20[39m
2025-05-12 20:29:16:2916 [31merror[39m: [31mAPI Error: Authentication token missing[39m
2025-05-12 20:29:16:2916 [32minfo[39m: [32m[POST] /api/auth/login%20[39m
2025-05-12 20:29:16:2916 [31merror[39m: [31mAPI Error: Authentication token missing[39m
2025-05-12 20:29:17:2917 [32minfo[39m: [32m[POST] /api/auth/login%20[39m
2025-05-12 20:29:17:2917 [31merror[39m: [31mAPI Error: Authentication token missing[39m
2025-05-12 20:29:17:2917 [32minfo[39m: [32m[POST] /api/auth/login%20[39m
2025-05-12 20:29:17:2917 [31merror[39m: [31mAPI Error: Authentication token missing[39m
2025-05-12 20:29:17:2917 [32minfo[39m: [32m[POST] /api/auth/login%20[39m
2025-05-12 20:29:17:2917 [31merror[39m: [31mAPI Error: Authentication token missing[39m
2025-05-12 20:29:18:2918 [32minfo[39m: [32m[POST] /api/auth/login%20[39m
2025-05-12 20:29:18:2918 [31merror[39m: [31mAPI Error: Authentication token missing[39m
2025-05-12 20:29:20:2920 [32minfo[39m: [32mStarting graceful shutdown...[39m
2025-05-12 20:29:44:2944 [32minfo[39m: [32mReport scheduler initialized[39m
2025-05-12 20:29:44:2944 [32minfo[39m: [32mAll background workers initialized[39m
2025-05-12 20:29:44:2944 [32minfo[39m: [32m[39m
[32m  =====================================================[39m
[32m  🚀 SOAR Platform running on port 5000[39m
[32m  =====================================================[39m
[32m  Environment: development[39m
[32m  REST API:    http://localhost:5000/api[39m
[32m  WebSocket:   ws://localhost:5000[39m
[32m  =====================================================[39m
[32m  [39m
2025-05-12 20:29:45:2945 [32minfo[39m: [32mFound 0 active integrations to initialize[39m
2025-05-12 20:29:45:2945 [32minfo[39m: [32mIntegration poller initialized successfully[39m
2025-05-12 20:30:18:3018 [32minfo[39m: [32mReport scheduler initialized[39m
2025-05-12 20:30:18:3018 [32minfo[39m: [32mAll background workers initialized[39m
2025-05-12 20:30:18:3018 [32minfo[39m: [32m[39m
[32m  =====================================================[39m
[32m  🚀 SOAR Platform running on port 5000[39m
[32m  =====================================================[39m
[32m  Environment: development[39m
[32m  REST API:    http://localhost:5000/api[39m
[32m  WebSocket:   ws://localhost:5000[39m
[32m  =====================================================[39m
[32m  [39m
2025-05-12 20:30:24:3024 [32minfo[39m: [32mFound 0 active integrations to initialize[39m
2025-05-12 20:30:24:3024 [32minfo[39m: [32mIntegration poller initialized successfully[39m
2025-05-12 20:31:00:310 [32minfo[39m: [32m[POST] /api/auth/login%20[39m
2025-05-12 20:31:00:310 [31merror[39m: [31mAPI Error: Authentication token missing[39m
2025-05-12 20:33:07:337 [32minfo[39m: [32m[POST] /api/auth/login[39m
2025-05-12 20:33:07:337 [31merror[39m: [31mAPI Error: [[39m
[31m  {[39m
[31m    "code": "invalid_type",[39m
[31m    "expected": "string",[39m
[31m    "received": "undefined",[39m
[31m    "path": [[39m
[31m      "email"[39m
[31m    ],[39m
[31m    "message": "Required"[39m
[31m  },[39m
[31m  {[39m
[31m    "code": "invalid_type",[39m
[31m    "expected": "string",[39m
[31m    "received": "undefined",[39m
[31m    "path": [[39m
[31m      "password"[39m
[31m    ],[39m
[31m    "message": "Required"[39m
[31m  }[39m
[31m][39m
2025-05-12 20:35:53:3553 [32minfo[39m: [32mReport scheduler initialized[39m
2025-05-12 20:35:53:3553 [32minfo[39m: [32mAll background workers initialized[39m
2025-05-12 20:35:53:3553 [32minfo[39m: [32m[39m
[32m  =====================================================[39m
[32m  🚀 SOAR Platform running on port 5000[39m
[32m  =====================================================[39m
[32m  Environment: development[39m
[32m  REST API:    http://localhost:5000/api[39m
[32m  WebSocket:   ws://localhost:5000[39m
[32m  =====================================================[39m
[32m  [39m
2025-05-12 20:35:58:3558 [32minfo[39m: [32mFound 0 active integrations to initialize[39m
2025-05-12 20:35:58:3558 [32minfo[39m: [32mIntegration poller initialized successfully[39m
2025-05-12 20:36:03:363 [32minfo[39m: [32m[POST] /api/auth/login%20[39m
2025-05-12 20:36:03:363 [31merror[39m: [31mAPI Error: Authentication token missing[39m
2025-05-12 20:36:04:364 [32minfo[39m: [32m[POST] /api/auth/login%20[39m
2025-05-12 20:36:04:364 [31merror[39m: [31mAPI Error: Authentication token missing[39m
2025-05-12 20:37:36:3736 [32minfo[39m: [32mReport scheduler initialized[39m
2025-05-12 20:37:36:3736 [32minfo[39m: [32mAll background workers initialized[39m
2025-05-12 20:37:36:3736 [32minfo[39m: [32m[39m
[32m  =====================================================[39m
[32m  🚀 SOAR Platform running on port 5000[39m
[32m  =====================================================[39m
[32m  Environment: development[39m
[32m  REST API:    http://localhost:5000/api[39m
[32m  WebSocket:   ws://localhost:5000[39m
[32m  =====================================================[39m
[32m  [39m
2025-05-12 20:37:42:3742 [32minfo[39m: [32mFound 0 active integrations to initialize[39m
2025-05-12 20:37:42:3742 [32minfo[39m: [32mIntegration poller initialized successfully[39m
2025-05-12 20:37:46:3746 [32minfo[39m: [32m[POST] /api/auth/login[39m
2025-05-12 20:37:48:3748 [31merror[39m: [31mAPI Error: Invalid credentials[39m
2025-05-12 20:38:44:3844 [32minfo[39m: [32m[POST] /api/auth/login[39m
2025-05-12 20:38:46:3846 [31merror[39m: [31mAPI Error: Invalid credentials[39m
2025-05-12 20:39:30:3930 [32minfo[39m: [32m[POST] /api/auth/login[39m
2025-05-12 20:39:32:3932 [31merror[39m: [31mAPI Error: Invalid credentials[39m
2025-05-12 20:40:21:4021 [32minfo[39m: [32mReport scheduler initialized[39m
2025-05-12 20:40:21:4021 [32minfo[39m: [32mAll background workers initialized[39m
2025-05-12 20:40:21:4021 [32minfo[39m: [32m[39m
[32m  =====================================================[39m
[32m  🚀 SOAR Platform running on port 5000[39m
[32m  =====================================================[39m
[32m  Environment: development[39m
[32m  REST API:    http://localhost:5000/api[39m
[32m  WebSocket:   ws://localhost:5000[39m
[32m  =====================================================[39m
[32m  [39m
2025-05-12 20:40:27:4027 [32minfo[39m: [32mFound 0 active integrations to initialize[39m
2025-05-12 20:40:27:4027 [32minfo[39m: [32mIntegration poller initialized successfully[39m
2025-05-12 20:40:39:4039 [32minfo[39m: [32m[POST] /api/auth/login[39m
2025-05-12 20:40:41:4041 [31merror[39m: [31mAPI Error: Invalid credentials[39m
2025-05-12 20:42:34:4234 [32minfo[39m: [32mReport scheduler initialized[39m
2025-05-12 20:42:34:4234 [32minfo[39m: [32mAll background workers initialized[39m
2025-05-12 20:42:34:4234 [32minfo[39m: [32m[39m
[32m  =====================================================[39m
[32m  🚀 SOAR Platform running on port 5000[39m
[32m  =====================================================[39m
[32m  Environment: development[39m
[32m  REST API:    http://localhost:5000/api[39m
[32m  WebSocket:   ws://localhost:5000[39m
[32m  =====================================================[39m
[32m  [39m
2025-05-12 20:42:38:4238 [32minfo[39m: [32mFound 0 active integrations to initialize[39m
2025-05-12 20:42:38:4238 [32minfo[39m: [32mIntegration poller initialized successfully[39m
2025-05-12 20:43:57:4357 [32minfo[39m: [32m[POST] /api/auth/login[39m
2025-05-12 20:44:00:440 [31merror[39m: [31mAPI Error: Invalid credentials[39m
2025-05-12 20:45:45:4545 [32minfo[39m: [32m[POST] /api/auth/login[39m
2025-05-12 20:45:47:4547 [31merror[39m: [31mAPI Error: Invalid credentials[39m
2025-05-12 20:47:02:472 [32minfo[39m: [32mReport scheduler initialized[39m
2025-05-12 20:47:02:472 [32minfo[39m: [32mAll background workers initialized[39m
2025-05-12 20:47:02:472 [32minfo[39m: [32m[39m
[32m  =====================================================[39m
[32m  🚀 SOAR Platform running on port 5000[39m
[32m  =====================================================[39m
[32m  Environment: development[39m
[32m  REST API:    http://localhost:5000/api[39m
[32m  WebSocket:   ws://localhost:5000[39m
[32m  =====================================================[39m
[32m  [39m
2025-05-12 20:47:07:477 [32minfo[39m: [32mFound 0 active integrations to initialize[39m
2025-05-12 20:47:07:477 [32minfo[39m: [32mIntegration poller initialized successfully[39m
2025-05-12 20:47:11:4711 [32minfo[39m: [32m[POST] /api/auth/login[39m
2025-05-12 20:47:14:4714 [31merror[39m: [31mAPI Error: Invalid credentials[39m
2025-05-12 20:47:34:4734 [32minfo[39m: [32m[POST] /api/auth/login[39m
2025-05-12 20:47:36:4736 [31merror[39m: [31mAPI Error: Invalid credentials[39m
2025-05-12 20:49:37:4937 [32minfo[39m: [32m[POST] /api/auth/login[39m
2025-05-12 20:49:39:4939 [31merror[39m: [31mAPI Error: Invalid credentials[39m
2025-05-12 20:50:00:500 [32minfo[39m: [32m[POST] /api/auth/login[39m
2025-05-12 20:50:02:502 [31merror[39m: [31mAPI Error: Invalid credentials[39m
2025-05-12 21:05:05:55 [32minfo[39m: [32m[POST] /api/api/auth/register[39m
2025-05-12 21:05:58:558 [32minfo[39m: [32m[POST] /api/auth/register[39m
2025-05-12 21:06:02:62 [31merror[39m: [31mAPI Error: User already exists[39m
2025-05-12 21:09:31:931 [32minfo[39m: [32m[POST] /api/auth/register[39m
2025-05-12 21:09:55:955 [32minfo[39m: [32m[POST] /api/auth/login[39m
2025-05-12 21:09:57:957 [31merror[39m: [31mAPI Error: Email not verified[39m
2025-05-12 21:10:07:107 [32minfo[39m: [32m[POST] /api/auth/login[39m
2025-05-12 21:10:09:109 [31merror[39m: [31mAPI Error: Email not verified[39m
2025-05-12 21:13:12:1312 [32minfo[39m: [32m[POST] /api/auth/login[39m
2025-05-12 21:13:20:1320 [32minfo[39m: [32mReport scheduler initialized[39m
2025-05-12 21:13:20:1320 [32minfo[39m: [32mAll background workers initialized[39m
2025-05-12 21:13:20:1320 [32minfo[39m: [32m[39m
[32m  =====================================================[39m
[32m  🚀 SOAR Platform running on port 5000[39m
[32m  =====================================================[39m
[32m  Environment: development[39m
[32m  REST API:    http://localhost:5000/api[39m
[32m  WebSocket:   ws://localhost:5000[39m
[32m  =====================================================[39m
[32m  [39m
2025-05-12 21:13:30:1330 [31merror[39m: [31mError initializing existing integrations: [39m
[31mInvalid `prisma_client_1.default?.dataSourceIntegration.findMany()` invocation in[39m
[31mC:\Users\HP\Desktop\y-presentation\server\dist\worker\integration.poller.js:28:87[39m

[31m  25 }[39m
[31m  26 async initializeExistingIntegrations() {[39m
[31m  27     try {[39m
[31m→ 28         const integrations = await prisma_client_1.default?.dataSourceIntegration.findMany([39m
[31mCan't reach database server at `eu-central-1.sql.xata.sh:5432`[39m

[31mPlease make sure your database server is running at `eu-central-1.sql.xata.sh:5432`.[39m
2025-05-12 21:13:30:1330 [31merror[39m: [31mFailed to initialize integration poller: [39m
[31mInvalid `prisma_client_1.default?.dataSourceIntegration.findMany()` invocation in[39m
[31mC:\Users\HP\Desktop\y-presentation\server\dist\worker\integration.poller.js:28:87[39m

[31m  25 }[39m
[31m  26 async initializeExistingIntegrations() {[39m
[31m  27     try {[39m
[31m→ 28         const integrations = await prisma_client_1.default?.dataSourceIntegration.findMany([39m
[31mCan't reach database server at `eu-central-1.sql.xata.sh:5432`[39m

[31mPlease make sure your database server is running at `eu-central-1.sql.xata.sh:5432`.[39m
2025-05-12 21:13:30:1330 [31merror[39m: [31mUnhandled Rejection: [39m
[31mInvalid `prisma_client_1.default?.dataSourceIntegration.findMany()` invocation in[39m
[31mC:\Users\HP\Desktop\y-presentation\server\dist\worker\integration.poller.js:28:87[39m

[31m  25 }[39m
[31m  26 async initializeExistingIntegrations() {[39m
[31m  27     try {[39m
[31m→ 28         const integrations = await prisma_client_1.default?.dataSourceIntegration.findMany([39m
[31mCan't reach database server at `eu-central-1.sql.xata.sh:5432`[39m

[31mPlease make sure your database server is running at `eu-central-1.sql.xata.sh:5432`.[39m
2025-05-12 21:17:31:1731 [32minfo[39m: [32m[POST] /api/auth/login[39m
2025-05-12 21:17:35:1735 [31merror[39m: [31mUnhandled Error: "expiresIn" should be a number of seconds or string representing a timespan[39m
2025-05-12 21:31:38:3138 [32minfo[39m: [32mReport scheduler initialized[39m
2025-05-12 21:31:38:3138 [32minfo[39m: [32mAll background workers initialized[39m
2025-05-12 21:31:38:3138 [32minfo[39m: [32m[39m
[32m  =====================================================[39m
[32m  🚀 SOAR Platform running on port 5000[39m
[32m  =====================================================[39m
[32m  Environment: development[39m
[32m  REST API:    http://localhost:5000/api[39m
[32m  WebSocket:   ws://localhost:5000[39m
[32m  =====================================================[39m
[32m  [39m
2025-05-12 21:31:46:3146 [32minfo[39m: [32mFound 0 active integrations to initialize[39m
2025-05-12 21:31:46:3146 [32minfo[39m: [32mIntegration poller initialized successfully[39m
2025-05-12 21:32:04:324 [32minfo[39m: [32mReport scheduler initialized[39m
2025-05-12 21:32:04:324 [32minfo[39m: [32mAll background workers initialized[39m
2025-05-12 21:32:04:324 [32minfo[39m: [32m[39m
[32m  =====================================================[39m
[32m  🚀 SOAR Platform running on port 5000[39m
[32m  =====================================================[39m
[32m  Environment: development[39m
[32m  REST API:    http://localhost:5000/api[39m
[32m  WebSocket:   ws://localhost:5000[39m
[32m  =====================================================[39m
[32m  [39m
2025-05-12 21:32:16:3216 [32minfo[39m: [32mReport scheduler initialized[39m
2025-05-12 21:32:16:3216 [32minfo[39m: [32mAll background workers initialized[39m
2025-05-12 21:32:16:3216 [32minfo[39m: [32m[39m
[32m  =====================================================[39m
[32m  🚀 SOAR Platform running on port 5000[39m
[32m  =====================================================[39m
[32m  Environment: development[39m
[32m  REST API:    http://localhost:5000/api[39m
[32m  WebSocket:   ws://localhost:5000[39m
[32m  =====================================================[39m
[32m  [39m
2025-05-12 21:32:21:3221 [31merror[39m: [31mError initializing existing integrations: [39m
[31mInvalid `prisma?.dataSourceIntegration.findMany()` invocation in[39m
[31mC:\Users\HP\Desktop\y-presentation\server\dist\services\integration.services.js:16:78[39m

[31m  13 }[39m
[31m  14 async initializeExistingIntegrations() {[39m
[31m  15     try {[39m
[31m→ 16         const existingIntegrations = await prisma?.dataSourceIntegration.findMany([39m
[31mCan't reach database server at `eu-central-1.sql.xata.sh:5432`[39m

[31mPlease make sure your database server is running at `eu-central-1.sql.xata.sh:5432`.[39m
2025-05-12 21:32:21:3221 [31merror[39m: [31mError initializing existing integrations: [39m
[31mInvalid `prisma_client_1.default?.dataSourceIntegration.findMany()` invocation in[39m
[31mC:\Users\HP\Desktop\y-presentation\server\dist\worker\integration.poller.js:28:87[39m

[31m  25 }[39m
[31m  26 async initializeExistingIntegrations() {[39m
[31m  27     try {[39m
[31m→ 28         const integrations = await prisma_client_1.default?.dataSourceIntegration.findMany([39m
[31mCan't reach database server at `eu-central-1.sql.xata.sh:5432`[39m

[31mPlease make sure your database server is running at `eu-central-1.sql.xata.sh:5432`.[39m
2025-05-12 21:32:21:3221 [31merror[39m: [31mFailed to initialize integration poller: [39m
[31mInvalid `prisma_client_1.default?.dataSourceIntegration.findMany()` invocation in[39m
[31mC:\Users\HP\Desktop\y-presentation\server\dist\worker\integration.poller.js:28:87[39m

[31m  25 }[39m
[31m  26 async initializeExistingIntegrations() {[39m
[31m  27     try {[39m
[31m→ 28         const integrations = await prisma_client_1.default?.dataSourceIntegration.findMany([39m
[31mCan't reach database server at `eu-central-1.sql.xata.sh:5432`[39m

[31mPlease make sure your database server is running at `eu-central-1.sql.xata.sh:5432`.[39m
2025-05-12 21:32:21:3221 [31merror[39m: [31mUnhandled Rejection: [39m
[31mInvalid `prisma_client_1.default?.dataSourceIntegration.findMany()` invocation in[39m
[31mC:\Users\HP\Desktop\y-presentation\server\dist\worker\integration.poller.js:28:87[39m

[31m  25 }[39m
[31m  26 async initializeExistingIntegrations() {[39m
[31m  27     try {[39m
[31m→ 28         const integrations = await prisma_client_1.default?.dataSourceIntegration.findMany([39m
[31mCan't reach database server at `eu-central-1.sql.xata.sh:5432`[39m

[31mPlease make sure your database server is running at `eu-central-1.sql.xata.sh:5432`.[39m
2025-05-12 21:32:35:3235 [32minfo[39m: [32mReport scheduler initialized[39m
2025-05-12 21:32:36:3236 [32minfo[39m: [32mAll background workers initialized[39m
2025-05-12 21:32:36:3236 [32minfo[39m: [32m[39m
[32m  =====================================================[39m
[32m  🚀 SOAR Platform running on port 5000[39m
[32m  =====================================================[39m
[32m  Environment: development[39m
[32m  REST API:    http://localhost:5000/api[39m
[32m  WebSocket:   ws://localhost:5000[39m
[32m  =====================================================[39m
[32m  [39m
2025-05-12 21:32:39:3239 [32minfo[39m: [32mFound 0 active integrations to initialize[39m
2025-05-12 21:32:39:3239 [32minfo[39m: [32mIntegration poller initialized successfully[39m
2025-05-12 21:36:24:3624 [32minfo[39m: [32mReport scheduler initialized[39m
2025-05-12 21:36:24:3624 [32minfo[39m: [32mAll background workers initialized[39m
2025-05-12 21:36:24:3624 [32minfo[39m: [32m[39m
[32m  =====================================================[39m
[32m  🚀 SOAR Platform running on port 5000[39m
[32m  =====================================================[39m
[32m  Environment: development[39m
[32m  REST API:    http://localhost:5000/api[39m
[32m  WebSocket:   ws://localhost:5000[39m
[32m  =====================================================[39m
[32m  [39m
2025-05-12 21:36:34:3634 [31merror[39m: [31mError initializing existing integrations: [39m
[31mInvalid `prisma_client_1.default?.dataSourceIntegration.findMany()` invocation in[39m
[31mC:\Users\HP\Desktop\y-presentation\server\dist\worker\integration.poller.js:28:87[39m

[31m  25 }[39m
[31m  26 async initializeExistingIntegrations() {[39m
[31m  27     try {[39m
[31m→ 28         const integrations = await prisma_client_1.default?.dataSourceIntegration.findMany([39m
[31mCan't reach database server at `eu-central-1.sql.xata.sh:5432`[39m

[31mPlease make sure your database server is running at `eu-central-1.sql.xata.sh:5432`.[39m
2025-05-12 21:36:34:3634 [31merror[39m: [31mFailed to initialize integration poller: [39m
[31mInvalid `prisma_client_1.default?.dataSourceIntegration.findMany()` invocation in[39m
[31mC:\Users\HP\Desktop\y-presentation\server\dist\worker\integration.poller.js:28:87[39m

[31m  25 }[39m
[31m  26 async initializeExistingIntegrations() {[39m
[31m  27     try {[39m
[31m→ 28         const integrations = await prisma_client_1.default?.dataSourceIntegration.findMany([39m
[31mCan't reach database server at `eu-central-1.sql.xata.sh:5432`[39m

[31mPlease make sure your database server is running at `eu-central-1.sql.xata.sh:5432`.[39m
2025-05-12 21:36:34:3634 [31merror[39m: [31mUnhandled Rejection: [39m
[31mInvalid `prisma_client_1.default?.dataSourceIntegration.findMany()` invocation in[39m
[31mC:\Users\HP\Desktop\y-presentation\server\dist\worker\integration.poller.js:28:87[39m

[31m  25 }[39m
[31m  26 async initializeExistingIntegrations() {[39m
[31m  27     try {[39m
[31m→ 28         const integrations = await prisma_client_1.default?.dataSourceIntegration.findMany([39m
[31mCan't reach database server at `eu-central-1.sql.xata.sh:5432`[39m

[31mPlease make sure your database server is running at `eu-central-1.sql.xata.sh:5432`.[39m
2025-05-12 21:37:40:3740 [32minfo[39m: [32mReport scheduler initialized[39m
2025-05-12 21:37:40:3740 [32minfo[39m: [32mAll background workers initialized[39m
2025-05-12 21:37:40:3740 [32minfo[39m: [32m[39m
[32m  =====================================================[39m
[32m  🚀 SOAR Platform running on port 5000[39m
[32m  =====================================================[39m
[32m  Environment: development[39m
[32m  REST API:    http://localhost:5000/api[39m
[32m  WebSocket:   ws://localhost:5000[39m
[32m  =====================================================[39m
[32m  [39m
2025-05-12 21:37:45:3745 [31merror[39m: [31mError initializing existing integrations: [39m
[31mInvalid `prisma?.dataSourceIntegration.findMany()` invocation in[39m
[31mC:\Users\HP\Desktop\y-presentation\server\dist\services\integration.services.js:16:78[39m

[31m  13 }[39m
[31m  14 async initializeExistingIntegrations() {[39m
[31m  15     try {[39m
[31m→ 16         const existingIntegrations = await prisma?.dataSourceIntegration.findMany([39m
[31mCan't reach database server at `eu-central-1.sql.xata.sh:5432`[39m

[31mPlease make sure your database server is running at `eu-central-1.sql.xata.sh:5432`.[39m
2025-05-12 21:37:45:3745 [31merror[39m: [31mError initializing existing integrations: [39m
[31mInvalid `prisma_client_1.default?.dataSourceIntegration.findMany()` invocation in[39m
[31mC:\Users\HP\Desktop\y-presentation\server\dist\worker\integration.poller.js:28:87[39m

[31m  25 }[39m
[31m  26 async initializeExistingIntegrations() {[39m
[31m  27     try {[39m
[31m→ 28         const integrations = await prisma_client_1.default?.dataSourceIntegration.findMany([39m
[31mCan't reach database server at `eu-central-1.sql.xata.sh:5432`[39m

[31mPlease make sure your database server is running at `eu-central-1.sql.xata.sh:5432`.[39m
2025-05-12 21:37:45:3745 [31merror[39m: [31mFailed to initialize integration poller: [39m
[31mInvalid `prisma_client_1.default?.dataSourceIntegration.findMany()` invocation in[39m
[31mC:\Users\HP\Desktop\y-presentation\server\dist\worker\integration.poller.js:28:87[39m

[31m  25 }[39m
[31m  26 async initializeExistingIntegrations() {[39m
[31m  27     try {[39m
[31m→ 28         const integrations = await prisma_client_1.default?.dataSourceIntegration.findMany([39m
[31mCan't reach database server at `eu-central-1.sql.xata.sh:5432`[39m

[31mPlease make sure your database server is running at `eu-central-1.sql.xata.sh:5432`.[39m
2025-05-12 21:37:45:3745 [31merror[39m: [31mUnhandled Rejection: [39m
[31mInvalid `prisma_client_1.default?.dataSourceIntegration.findMany()` invocation in[39m
[31mC:\Users\HP\Desktop\y-presentation\server\dist\worker\integration.poller.js:28:87[39m

[31m  25 }[39m
[31m  26 async initializeExistingIntegrations() {[39m
[31m  27     try {[39m
[31m→ 28         const integrations = await prisma_client_1.default?.dataSourceIntegration.findMany([39m
[31mCan't reach database server at `eu-central-1.sql.xata.sh:5432`[39m

[31mPlease make sure your database server is running at `eu-central-1.sql.xata.sh:5432`.[39m
2025-05-12 21:39:02:392 [32minfo[39m: [32mReport scheduler initialized[39m
2025-05-12 21:39:02:392 [32minfo[39m: [32mAll background workers initialized[39m
2025-05-12 21:39:02:392 [32minfo[39m: [32m[39m
[32m  =====================================================[39m
[32m  🚀 SOAR Platform running on port 5000[39m
[32m  =====================================================[39m
[32m  Environment: development[39m
[32m  REST API:    http://localhost:5000/api[39m
[32m  WebSocket:   ws://localhost:5000[39m
[32m  =====================================================[39m
[32m  [39m
2025-05-12 21:39:08:398 [32minfo[39m: [32mFound 0 active integrations to initialize[39m
2025-05-12 21:39:08:398 [32minfo[39m: [32mIntegration poller initialized successfully[39m
2025-05-12 21:46:54:4654 [32minfo[39m: [32mReport scheduler initialized[39m
2025-05-12 21:46:54:4654 [32minfo[39m: [32mAll background workers initialized[39m
2025-05-12 21:46:54:4654 [32minfo[39m: [32m[39m
[32m  =====================================================[39m
[32m  🚀 SOAR Platform running on port 5000[39m
[32m  =====================================================[39m
[32m  Environment: development[39m
[32m  REST API:    http://localhost:5000/api[39m
[32m  WebSocket:   ws://localhost:5000[39m
[32m  =====================================================[39m
[32m  [39m
2025-05-12 21:46:57:4657 [32minfo[39m: [32mFound 0 active integrations to initialize[39m
2025-05-12 21:46:57:4657 [32minfo[39m: [32mIntegration poller initialized successfully[39m
2025-05-12 21:47:23:4723 [32minfo[39m: [32mReport scheduler initialized[39m
2025-05-12 21:47:23:4723 [32minfo[39m: [32mAll background workers initialized[39m
2025-05-12 21:47:23:4723 [32minfo[39m: [32m[39m
[32m  =====================================================[39m
[32m  🚀 SOAR Platform running on port 5000[39m
[32m  =====================================================[39m
[32m  Environment: development[39m
[32m  REST API:    http://localhost:5000/api[39m
[32m  WebSocket:   ws://localhost:5000[39m
[32m  =====================================================[39m
[32m  [39m
2025-05-12 21:47:28:4728 [32minfo[39m: [32mFound 0 active integrations to initialize[39m
2025-05-12 21:47:28:4728 [32minfo[39m: [32mIntegration poller initialized successfully[39m
2025-05-12 21:47:41:4741 [32minfo[39m: [32m[POST] /api/auth/login[39m
2025-05-12 21:53:23:5323 [32minfo[39m: [32m[POST] /api/auth/login[39m
2025-05-12 21:53:28:5328 [31merror[39m: [31mUnhandled Error: [39m
[31mInvalid `prisma_client_1.default.user.findUnique()` invocation in[39m
[31mC:\Users\HP\Desktop\y-presentation\server\dist\services\auth.services.js:41:57[39m

[31m  38     return userWithoutPassword;[39m
[31m  39 },[39m
[31m  40 async login(email, password) {[39m
[31m→ 41     const user = await prisma_client_1.default.user.findUnique([39m
[31mCan't reach database server at `eu-central-1.sql.xata.sh:5432`[39m

[31mPlease make sure your database server is running at `eu-central-1.sql.xata.sh:5432`.[39m
2025-05-12 21:53:54:5354 [32minfo[39m: [32mStarting graceful shutdown...[39m
2025-05-12 21:54:20:5420 [32minfo[39m: [32mReport scheduler initialized[39m
2025-05-12 21:54:20:5420 [32minfo[39m: [32mAll background workers initialized[39m
2025-05-12 21:54:20:5420 [32minfo[39m: [32m[39m
[32m  =====================================================[39m
[32m  🚀 SOAR Platform running on port 5000[39m
[32m  =====================================================[39m
[32m  Environment: development[39m
[32m  REST API:    http://localhost:5000/api[39m
[32m  WebSocket:   ws://localhost:5000[39m
[32m  =====================================================[39m
[32m  [39m
2025-05-12 21:54:26:5426 [32minfo[39m: [32mFound 0 active integrations to initialize[39m
2025-05-12 21:54:26:5426 [32minfo[39m: [32mIntegration poller initialized successfully[39m
2025-05-12 21:54:44:5444 [32minfo[39m: [32mReport scheduler initialized[39m
2025-05-12 21:54:44:5444 [32minfo[39m: [32mAll background workers initialized[39m
2025-05-12 21:54:44:5444 [32minfo[39m: [32m[39m
[32m  =====================================================[39m
[32m  🚀 SOAR Platform running on port 5000[39m
[32m  =====================================================[39m
[32m  Environment: development[39m
[32m  REST API:    http://localhost:5000/api[39m
[32m  WebSocket:   ws://localhost:5000[39m
[32m  =====================================================[39m
[32m  [39m
2025-05-12 21:54:55:5455 [32minfo[39m: [32mFound 0 active integrations to initialize[39m
2025-05-12 21:54:55:5455 [32minfo[39m: [32mIntegration poller initialized successfully[39m
2025-05-12 21:55:02:552 [32minfo[39m: [32m[POST] /api/auth/login[39m
2025-05-13 09:35:18:3518 [32minfo[39m: [32mRunning daily report generation[39m
2025-05-13 09:35:18:3518 [31merror[39m: [31mError in report generation job: [39m
[31mInvalid `prisma_client_1.default.reportConfiguration.findMany()` invocation in[39m
[31mC:\Users\HP\Desktop\y-presentation\server\dist\services\report.service.js:24:85[39m

[31m  21 });[39m
[31m  22 async generateAndSendReports() {[39m
[31m  23     try {[39m
[31m→ 24         const reportConfigs = await prisma_client_1.default.reportConfiguration.findMany([39m
[31mCan't reach database server at `eu-central-1.sql.xata.sh:5432`[39m

[31mPlease make sure your database server is running at `eu-central-1.sql.xata.sh:5432`.[39m
2025-05-13 10:28:54:2854 [32minfo[39m: [32mReport scheduler initialized[39m
2025-05-13 10:28:54:2854 [32minfo[39m: [32mAll background workers initialized[39m
2025-05-13 10:28:54:2854 [32minfo[39m: [32m[39m
[32m  =====================================================[39m
[32m  🚀 SOAR Platform running on port 5000[39m
[32m  =====================================================[39m
[32m  Environment: development[39m
[32m  REST API:    http://localhost:5000/api[39m
[32m  WebSocket:   ws://localhost:5000[39m
[32m  =====================================================[39m
[32m  [39m
2025-05-13 10:28:57:2857 [32minfo[39m: [32mFound 0 active integrations to initialize[39m
2025-05-13 10:28:57:2857 [32minfo[39m: [32mIntegration poller initialized successfully[39m
2025-05-13 10:29:29:2929 [32minfo[39m: [32mReport scheduler initialized[39m
2025-05-13 10:29:29:2929 [32minfo[39m: [32mAll background workers initialized[39m
2025-05-13 10:29:29:2929 [32minfo[39m: [32m[39m
[32m  =====================================================[39m
[32m  🚀 SOAR Platform running on port 5000[39m
[32m  =====================================================[39m
[32m  Environment: development[39m
[32m  REST API:    http://localhost:5000/api[39m
[32m  WebSocket:   ws://localhost:5000[39m
[32m  =====================================================[39m
[32m  [39m
2025-05-13 10:29:34:2934 [32minfo[39m: [32mFound 0 active integrations to initialize[39m
2025-05-13 10:29:34:2934 [32minfo[39m: [32mIntegration poller initialized successfully[39m
2025-05-13 10:38:08:388 [32minfo[39m: [32m[POST] /api/auth/login[39m
2025-05-13 10:44:34:4434 [32minfo[39m: [32m[POST] /api/auth/login[39m
2025-05-13 10:55:12:5512 [32minfo[39m: [32m[POST] /api/auth/login[39m
2025-05-13 10:56:03:563 [32minfo[39m: [32m[POST] /api/auth/login[39m
2025-05-13 10:57:07:577 [32minfo[39m: [32m[POST] /api/auth/login[39m
2025-05-13 11:14:44:1444 [32minfo[39m: [32m[POST] /api/auth/login[39m
2025-05-13 11:50:17:5017 [32minfo[39m: [32mReport scheduler initialized[39m
2025-05-13 11:50:17:5017 [32minfo[39m: [32mAll background workers initialized[39m
2025-05-13 11:50:17:5017 [32minfo[39m: [32m[39m
[32m  =====================================================[39m
[32m  🚀 SOAR Platform running on port 5000[39m
[32m  =====================================================[39m
[32m  Environment: development[39m
[32m  REST API:    http://localhost:5000/api[39m
[32m  WebSocket:   ws://localhost:5000[39m
[32m  =====================================================[39m
[32m  [39m
2025-05-13 11:50:19:5019 [32minfo[39m: [32mFound 0 active integrations to initialize[39m
2025-05-13 11:50:19:5019 [32minfo[39m: [32mIntegration poller initialized successfully[39m
2025-05-13 11:50:39:5039 [32minfo[39m: [32mReport scheduler initialized[39m
2025-05-13 11:50:39:5039 [32minfo[39m: [32mAll background workers initialized[39m
2025-05-13 11:50:39:5039 [32minfo[39m: [32m[39m
[32m  =====================================================[39m
[32m  🚀 SOAR Platform running on port 5000[39m
[32m  =====================================================[39m
[32m  Environment: development[39m
[32m  REST API:    http://localhost:5000/api[39m
[32m  WebSocket:   ws://localhost:5000[39m
[32m  =====================================================[39m
[32m  [39m
2025-05-13 11:50:43:5043 [32minfo[39m: [32mFound 0 active integrations to initialize[39m
2025-05-13 11:50:43:5043 [32minfo[39m: [32mIntegration poller initialized successfully[39m
2025-05-13 12:02:52:252 [32minfo[39m: [32m[GET] /api/api/integrations[39m
2025-05-13 12:02:53:253 [32minfo[39m: [32m[GET] /api/api/integrations[39m
2025-05-13 12:04:35:435 [32minfo[39m: [32m[GET] /api/api/integrations[39m
2025-05-13 12:04:36:436 [32minfo[39m: [32m[GET] /api/api/integrations[39m
2025-05-13 12:10:34:1034 [32minfo[39m: [32m[GET] /api/api/integrations[39m
2025-05-13 12:10:34:1034 [32minfo[39m: [32m[GET] /api/api/integrations[39m
2025-05-13 12:10:51:1051 [32minfo[39m: [32m[GET] /api/api/integrations[39m
2025-05-13 12:10:51:1051 [32minfo[39m: [32m[GET] /api/api/integrations[39m
2025-05-13 12:32:19:3219 [32minfo[39m: [32m[GET] /api/api/integrations[39m
2025-05-13 12:32:20:3220 [32minfo[39m: [32m[GET] /api/api/integrations[39m
2025-05-13 12:33:24:3324 [32minfo[39m: [32m[GET] /api/api/integrations[39m
2025-05-13 12:33:24:3324 [32minfo[39m: [32m[GET] /api/api/integrations[39m
2025-05-13 12:38:07:387 [32minfo[39m: [32m[GET] /api/api/incidents[39m
2025-05-13 12:38:07:387 [32minfo[39m: [32m[GET] /api/api/incidents[39m
2025-05-13 12:46:16:4616 [32minfo[39m: [32m[GET] /api/api/integrations[39m
2025-05-13 12:46:16:4616 [32minfo[39m: [32m[GET] /api/api/integrations[39m
2025-05-13 12:46:16:4616 [32minfo[39m: [32m[GET] /api/api/integrations[39m
2025-05-13 13:08:49:849 [32minfo[39m: [32m[POST] /api/api/integrations[39m
2025-05-13 13:09:08:98 [32minfo[39m: [32m[POST] /api/api/integrations[39m
2025-05-13 13:12:55:1255 [32minfo[39m: [32m[GET] /api/api/integrations[39m
2025-05-13 13:12:56:1256 [32minfo[39m: [32m[GET] /api/auth/me[39m
2025-05-13 13:12:57:1257 [32minfo[39m: [32m[GET] /api/api/integrations[39m
2025-05-13 13:16:04:164 [32minfo[39m: [32m[GET] /api/api/integrations[39m
2025-05-13 13:16:07:167 [32minfo[39m: [32m[GET] /api/auth/me[39m
2025-05-13 13:16:07:167 [32minfo[39m: [32m[GET] /api/api/integrations[39m
2025-05-13 13:17:15:1715 [32minfo[39m: [32m[POST] /api/integrations[39m
2025-05-13 13:17:15:1715 [31merror[39m: [31mAPI Error: Authentication token missing[39m
2025-05-13 13:19:15:1915 [32minfo[39m: [32m[GET] /api/api/integrations[39m
2025-05-13 13:19:15:1915 [32minfo[39m: [32m[GET] /api/auth/me[39m
2025-05-13 13:19:15:1915 [32minfo[39m: [32m[GET] /api/api/integrations[39m
2025-05-13 13:22:46:2246 [32minfo[39m: [32m[GET] /api/api/integrations[39m
2025-05-13 13:22:46:2246 [32minfo[39m: [32m[GET] /api/auth/me[39m
2025-05-13 13:22:47:2247 [32minfo[39m: [32m[GET] /api/api/integrations[39m
2025-05-13 13:25:05:255 [32minfo[39m: [32m[POST] /api/integrations[39m
2025-05-13 13:25:09:259 [31merror[39m: [31mAPI Error: [[39m
[31m  {[39m
[31m    "expected": "'CLOUD_STORAGE' | 'AUTH_LOGS' | 'DNS_LOGS' | 'ENDPOINT_LOGS'",[39m
[31m    "received": "undefined",[39m
[31m    "code": "invalid_type",[39m
[31m    "path": [[39m
[31m      "type"[39m
[31m    ],[39m
[31m    "message": "Required"[39m
[31m  },[39m
[31m  {[39m
[31m    "code": "invalid_type",[39m
[31m    "expected": "object",[39m
[31m    "received": "undefined",[39m
[31m    "path": [[39m
[31m      "credentials"[39m
[31m    ],[39m
[31m    "message": "Required"[39m
[31m  }[39m
[31m][39m
2025-05-13 13:26:04:264 [32minfo[39m: [32mStarting graceful shutdown...[39m
2025-05-13 13:26:21:2621 [32minfo[39m: [32mReport scheduler initialized[39m
2025-05-13 13:26:21:2621 [32minfo[39m: [32mAll background workers initialized[39m
2025-05-13 13:26:21:2621 [32minfo[39m: [32m[39m
[32m  =====================================================[39m
[32m  🚀 SOAR Platform running on port 5000[39m
[32m  =====================================================[39m
[32m  Environment: development[39m
[32m  REST API:    http://localhost:5000/api[39m
[32m  WebSocket:   ws://localhost:5000[39m
[32m  =====================================================[39m
[32m  [39m
2025-05-13 13:26:23:2623 [32minfo[39m: [32mFound 0 active integrations to initialize[39m
2025-05-13 13:26:23:2623 [32minfo[39m: [32mIntegration poller initialized successfully[39m
2025-05-13 13:26:51:2651 [32minfo[39m: [32mReport scheduler initialized[39m
2025-05-13 13:26:51:2651 [32minfo[39m: [32mAll background workers initialized[39m
2025-05-13 13:26:51:2651 [32minfo[39m: [32m[39m
[32m  =====================================================[39m
[32m  🚀 SOAR Platform running on port 5000[39m
[32m  =====================================================[39m
[32m  Environment: development[39m
[32m  REST API:    http://localhost:5000/api[39m
[32m  WebSocket:   ws://localhost:5000[39m
[32m  =====================================================[39m
[32m  [39m
2025-05-13 13:26:54:2654 [32minfo[39m: [32mFound 0 active integrations to initialize[39m
2025-05-13 13:26:54:2654 [32minfo[39m: [32mIntegration poller initialized successfully[39m
2025-05-13 13:27:10:2710 [32minfo[39m: [32m[POST] /api/integrations[39m
2025-05-13 13:27:12:2712 [31merror[39m: [31mAPI Error: [[39m
[31m  {[39m
[31m    "expected": "'CLOUD_STORAGE' | 'AUTH_LOGS' | 'DNS_LOGS' | 'ENDPOINT_LOGS'",[39m
[31m    "received": "undefined",[39m
[31m    "code": "invalid_type",[39m
[31m    "path": [[39m
[31m      "type"[39m
[31m    ],[39m
[31m    "message": "Required"[39m
[31m  },[39m
[31m  {[39m
[31m    "code": "invalid_type",[39m
[31m    "expected": "object",[39m
[31m    "received": "undefined",[39m
[31m    "path": [[39m
[31m      "credentials"[39m
[31m    ],[39m
[31m    "message": "Required"[39m
[31m  }[39m
[31m][39m
2025-05-13 13:27:43:2743 [32minfo[39m: [32m[POST] /api/integrations[39m
2025-05-13 13:27:44:2744 [31merror[39m: [31mAPI Error: [[39m
[31m  {[39m
[31m    "expected": "'CLOUD_STORAGE' | 'AUTH_LOGS' | 'DNS_LOGS' | 'ENDPOINT_LOGS'",[39m
[31m    "received": "undefined",[39m
[31m    "code": "invalid_type",[39m
[31m    "path": [[39m
[31m      "type"[39m
[31m    ],[39m
[31m    "message": "Required"[39m
[31m  },[39m
[31m  {[39m
[31m    "code": "invalid_type",[39m
[31m    "expected": "object",[39m
[31m    "received": "undefined",[39m
[31m    "path": [[39m
[31m      "credentials"[39m
[31m    ],[39m
[31m    "message": "Required"[39m
[31m  }[39m
[31m][39m
2025-05-13 13:29:53:2953 [32minfo[39m: [32mReport scheduler initialized[39m
2025-05-13 13:29:53:2953 [32minfo[39m: [32mAll background workers initialized[39m
2025-05-13 13:29:53:2953 [32minfo[39m: [32m[39m
[32m  =====================================================[39m
[32m  🚀 SOAR Platform running on port 5000[39m
[32m  =====================================================[39m
[32m  Environment: development[39m
[32m  REST API:    http://localhost:5000/api[39m
[32m  WebSocket:   ws://localhost:5000[39m
[32m  =====================================================[39m
[32m  [39m
2025-05-13 13:29:57:2957 [32minfo[39m: [32mFound 0 active integrations to initialize[39m
2025-05-13 13:29:57:2957 [32minfo[39m: [32mIntegration poller initialized successfully[39m
2025-05-13 13:30:18:3018 [32minfo[39m: [32m[GET] /api/api/integrations[39m
2025-05-13 13:30:18:3018 [32minfo[39m: [32m[GET] /api/auth/me[39m
2025-05-13 13:30:18:3018 [32minfo[39m: [32m[GET] /api/api/integrations[39m
2025-05-13 14:22:42:2242 [32minfo[39m: [32mReport scheduler initialized[39m
2025-05-13 14:22:42:2242 [32minfo[39m: [32mAll background workers initialized[39m
2025-05-13 14:22:42:2242 [32minfo[39m: [32m[39m
[32m  =====================================================[39m
[32m  🚀 SOAR Platform running on port 5000[39m
[32m  =====================================================[39m
[32m  Environment: development[39m
[32m  REST API:    http://localhost:5000/api[39m
[32m  WebSocket:   ws://localhost:5000[39m
[32m  =====================================================[39m
[32m  [39m
2025-05-13 14:22:45:2245 [32minfo[39m: [32mFound 0 active integrations to initialize[39m
2025-05-13 14:22:45:2245 [32minfo[39m: [32mIntegration poller initialized successfully[39m
2025-05-13 14:23:42:2342 [32minfo[39m: [32mReport scheduler initialized[39m
2025-05-13 14:23:42:2342 [32minfo[39m: [32mAll background workers initialized[39m
2025-05-13 14:23:42:2342 [32minfo[39m: [32m[39m
[32m  =====================================================[39m
[32m  🚀 SOAR Platform running on port 5000[39m
[32m  =====================================================[39m
[32m  Environment: development[39m
[32m  REST API:    http://localhost:5000/api[39m
[32m  WebSocket:   ws://localhost:5000[39m
[32m  =====================================================[39m
[32m  [39m
2025-05-13 14:23:46:2346 [32minfo[39m: [32mFound 0 active integrations to initialize[39m
2025-05-13 14:23:46:2346 [32minfo[39m: [32mIntegration poller initialized successfully[39m
2025-05-13 14:50:06:506 [32minfo[39m: [32mReport scheduler initialized[39m
2025-05-13 14:50:06:506 [32minfo[39m: [32mAll background workers initialized[39m
2025-05-13 14:50:06:506 [32minfo[39m: [32m[39m
[32m  =====================================================[39m
[32m  🚀 SOAR Platform running on port 5000[39m
[32m  =====================================================[39m
[32m  Environment: development[39m
[32m  REST API:    http://localhost:5000/api[39m
[32m  WebSocket:   ws://localhost:5000[39m
[32m  =====================================================[39m
[32m  [39m
2025-05-13 14:50:09:509 [32minfo[39m: [32mFound 0 active integrations to initialize[39m
2025-05-13 14:50:09:509 [32minfo[39m: [32mIntegration poller initialized successfully[39m
2025-05-13 16:13:21:1321 [32minfo[39m: [32mReport scheduler initialized[39m
2025-05-13 16:13:21:1321 [32minfo[39m: [32mAll background workers initialized[39m
2025-05-13 16:13:21:1321 [32minfo[39m: [32m[39m
[32m  =====================================================[39m
[32m  🚀 SOAR Platform running on port 5000[39m
[32m  =====================================================[39m
[32m  Environment: development[39m
[32m  REST API:    http://localhost:5000/api[39m
[32m  WebSocket:   ws://localhost:5000[39m
[32m  =====================================================[39m
[32m  [39m
2025-05-13 16:13:23:1323 [32minfo[39m: [32mFound 0 active integrations to initialize[39m
2025-05-13 16:13:23:1323 [32minfo[39m: [32mIntegration poller initialized successfully[39m
2025-05-13 16:13:59:1359 [32minfo[39m: [32mReport scheduler initialized[39m
2025-05-13 16:13:59:1359 [32minfo[39m: [32mAll background workers initialized[39m
2025-05-13 16:13:59:1359 [32minfo[39m: [32m[39m
[32m  =====================================================[39m
[32m  🚀 SOAR Platform running on port 5000[39m
[32m  =====================================================[39m
[32m  Environment: development[39m
[32m  REST API:    http://localhost:5000/api[39m
[32m  WebSocket:   ws://localhost:5000[39m
[32m  =====================================================[39m
[32m  [39m
2025-05-13 16:14:04:144 [32minfo[39m: [32mFound 0 active integrations to initialize[39m
2025-05-13 16:14:04:144 [32minfo[39m: [32mIntegration poller initialized successfully[39m
2025-05-13 16:14:56:1456 [32minfo[39m: [32mReport scheduler initialized[39m
2025-05-13 16:14:56:1456 [32minfo[39m: [32mAll background workers initialized[39m
2025-05-13 16:14:56:1456 [32minfo[39m: [32m[39m
[32m  =====================================================[39m
[32m  🚀 SOAR Platform running on port 5000[39m
[32m  =====================================================[39m
[32m  Environment: development[39m
[32m  REST API:    http://localhost:5000/api[39m
[32m  WebSocket:   ws://localhost:5000[39m
[32m  =====================================================[39m
[32m  [39m
2025-05-13 16:14:58:1458 [32minfo[39m: [32mFound 0 active integrations to initialize[39m
2025-05-13 16:14:58:1458 [32minfo[39m: [32mIntegration poller initialized successfully[39m
2025-05-13 16:15:14:1514 [32minfo[39m: [32mReport scheduler initialized[39m
2025-05-13 16:15:14:1514 [32minfo[39m: [32mAll background workers initialized[39m
2025-05-13 16:15:14:1514 [32minfo[39m: [32m[39m
[32m  =====================================================[39m
[32m  🚀 SOAR Platform running on port 5000[39m
[32m  =====================================================[39m
[32m  Environment: development[39m
[32m  REST API:    http://localhost:5000/api[39m
[32m  WebSocket:   ws://localhost:5000[39m
[32m  =====================================================[39m
[32m  [39m
2025-05-13 16:15:18:1518 [32minfo[39m: [32mFound 0 active integrations to initialize[39m
2025-05-13 16:15:18:1518 [32minfo[39m: [32mIntegration poller initialized successfully[39m
2025-05-13 16:15:34:1534 [32minfo[39m: [32mReport scheduler initialized[39m
2025-05-13 16:15:34:1534 [32minfo[39m: [32mAll background workers initialized[39m
2025-05-13 16:15:34:1534 [32minfo[39m: [32m[39m
[32m  =====================================================[39m
[32m  🚀 SOAR Platform running on port 5000[39m
[32m  =====================================================[39m
[32m  Environment: development[39m
[32m  REST API:    http://localhost:5000/api[39m
[32m  WebSocket:   ws://localhost:5000[39m
[32m  =====================================================[39m
[32m  [39m
2025-05-13 16:15:37:1537 [32minfo[39m: [32mFound 0 active integrations to initialize[39m
2025-05-13 16:15:37:1537 [32minfo[39m: [32mIntegration poller initialized successfully[39m
2025-05-13 16:19:29:1929 [32minfo[39m: [32mReport scheduler initialized[39m
2025-05-13 16:19:29:1929 [32minfo[39m: [32mAll background workers initialized[39m
2025-05-13 16:19:29:1929 [32minfo[39m: [32m[39m
[32m  =====================================================[39m
[32m  🚀 SOAR Platform running on port 5000[39m
[32m  =====================================================[39m
[32m  Environment: development[39m
[32m  REST API:    http://localhost:5000/api[39m
[32m  WebSocket:   ws://localhost:5000[39m
[32m  =====================================================[39m
[32m  [39m
2025-05-13 16:19:32:1932 [32minfo[39m: [32mFound 0 active integrations to initialize[39m
2025-05-13 16:19:32:1932 [32minfo[39m: [32mIntegration poller initialized successfully[39m
2025-05-13 16:19:59:1959 [32minfo[39m: [32mReport scheduler initialized[39m
2025-05-13 16:19:59:1959 [32minfo[39m: [32mAll background workers initialized[39m
2025-05-13 16:19:59:1959 [32minfo[39m: [32m[39m
[32m  =====================================================[39m
[32m  🚀 SOAR Platform running on port 5000[39m
[32m  =====================================================[39m
[32m  Environment: development[39m
[32m  REST API:    http://localhost:5000/api[39m
[32m  WebSocket:   ws://localhost:5000[39m
[32m  =====================================================[39m
[32m  [39m
2025-05-13 16:20:03:203 [32minfo[39m: [32mFound 0 active integrations to initialize[39m
2025-05-13 16:20:03:203 [32minfo[39m: [32mIntegration poller initialized successfully[39m
2025-05-13 16:20:58:2058 [32minfo[39m: [32mReport scheduler initialized[39m
2025-05-13 16:20:58:2058 [32minfo[39m: [32mAll background workers initialized[39m
2025-05-13 16:20:58:2058 [32minfo[39m: [32m[39m
[32m  =====================================================[39m
[32m  🚀 SOAR Platform running on port 5000[39m
[32m  =====================================================[39m
[32m  Environment: development[39m
[32m  REST API:    http://localhost:5000/api[39m
[32m  WebSocket:   ws://localhost:5000[39m
[32m  =====================================================[39m
[32m  [39m
2025-05-13 16:21:01:211 [32minfo[39m: [32mFound 0 active integrations to initialize[39m
2025-05-13 16:21:01:211 [32minfo[39m: [32mIntegration poller initialized successfully[39m
2025-05-13 16:29:57:2957 [32minfo[39m: [32mReport scheduler initialized[39m
2025-05-13 16:29:57:2957 [32minfo[39m: [32mAll background workers initialized[39m
2025-05-13 16:29:57:2957 [32minfo[39m: [32m[39m
[32m  =====================================================[39m
[32m  🚀 SOAR Platform running on port 5000[39m
[32m  =====================================================[39m
[32m  Environment: development[39m
[32m  REST API:    http://localhost:5000/api[39m
[32m  WebSocket:   ws://localhost:5000[39m
[32m  =====================================================[39m
[32m  [39m
2025-05-13 16:30:01:301 [32minfo[39m: [32mFound 0 active integrations to initialize[39m
2025-05-13 16:30:01:301 [32minfo[39m: [32mIntegration poller initialized successfully[39m
2025-05-13 16:48:28:4828 [32minfo[39m: [32mReport scheduler initialized[39m
2025-05-13 16:48:28:4828 [32minfo[39m: [32mAll background workers initialized[39m
2025-05-13 16:48:28:4828 [32minfo[39m: [32m[39m
[32m  =====================================================[39m
[32m  🚀 SOAR Platform running on port 5000[39m
[32m  =====================================================[39m
[32m  Environment: development[39m
[32m  REST API:    http://localhost:5000/api[39m
[32m  WebSocket:   ws://localhost:5000[39m
[32m  =====================================================[39m
[32m  [39m
2025-05-13 16:48:31:4831 [32minfo[39m: [32mFound 0 active integrations to initialize[39m
2025-05-13 16:48:31:4831 [32minfo[39m: [32mIntegration poller initialized successfully[39m
2025-05-13 16:49:07:497 [32minfo[39m: [32mReport scheduler initialized[39m
2025-05-13 16:49:07:497 [32minfo[39m: [32mAll background workers initialized[39m
2025-05-13 16:49:07:497 [32minfo[39m: [32m[39m
[32m  =====================================================[39m
[32m  🚀 SOAR Platform running on port 5000[39m
[32m  =====================================================[39m
[32m  Environment: development[39m
[32m  REST API:    http://localhost:5000/api[39m
[32m  WebSocket:   ws://localhost:5000[39m
[32m  =====================================================[39m
[32m  [39m
2025-05-13 16:49:11:4911 [31merror[39m: [31mError initializing existing integrations: [39m
[31mInvalid `prisma?.dataSourceIntegration.findMany()` invocation in[39m
[31mC:\Users\HP\Desktop\y-presentation\server\dist\services\integration.services.js:74:78[39m

[31m  71 }[39m
[31m  72 async initializeExistingIntegrations() {[39m
[31m  73     try {[39m
[31m→ 74         const existingIntegrations = await prisma?.dataSourceIntegration.findMany([39m
[31mCan't reach database server at `eu-central-1.sql.xata.sh:5432`[39m

[31mPlease make sure your database server is running at `eu-central-1.sql.xata.sh:5432`.[39m
2025-05-13 16:49:12:4912 [32minfo[39m: [32mFound 0 active integrations to initialize[39m
2025-05-13 16:49:12:4912 [32minfo[39m: [32mIntegration poller initialized successfully[39m
2025-05-13 16:50:08:508 [32minfo[39m: [32mReport scheduler initialized[39m
2025-05-13 16:50:08:508 [32minfo[39m: [32mAll background workers initialized[39m
2025-05-13 16:50:08:508 [32minfo[39m: [32m[39m
[32m  =====================================================[39m
[32m  🚀 SOAR Platform running on port 5000[39m
[32m  =====================================================[39m
[32m  Environment: development[39m
[32m  REST API:    http://localhost:5000/api[39m
[32m  WebSocket:   ws://localhost:5000[39m
[32m  =====================================================[39m
[32m  [39m
2025-05-13 16:50:12:5012 [32minfo[39m: [32mFound 0 active integrations to initialize[39m
2025-05-13 16:50:12:5012 [32minfo[39m: [32mIntegration poller initialized successfully[39m
2025-05-13 16:50:35:5035 [32minfo[39m: [32mReport scheduler initialized[39m
2025-05-13 16:50:35:5035 [32minfo[39m: [32mAll background workers initialized[39m
2025-05-13 16:50:35:5035 [32minfo[39m: [32m[39m
[32m  =====================================================[39m
[32m  🚀 SOAR Platform running on port 5000[39m
[32m  =====================================================[39m
[32m  Environment: development[39m
[32m  REST API:    http://localhost:5000/api[39m
[32m  WebSocket:   ws://localhost:5000[39m
[32m  =====================================================[39m
[32m  [39m
2025-05-13 16:50:37:5037 [32minfo[39m: [32mFound 0 active integrations to initialize[39m
2025-05-13 16:50:37:5037 [32minfo[39m: [32mIntegration poller initialized successfully[39m
2025-05-13 16:51:23:5123 [32minfo[39m: [32mReport scheduler initialized[39m
2025-05-13 16:51:23:5123 [32minfo[39m: [32mAll background workers initialized[39m
2025-05-13 16:51:23:5123 [32minfo[39m: [32m[39m
[32m  =====================================================[39m
[32m  🚀 SOAR Platform running on port 5000[39m
[32m  =====================================================[39m
[32m  Environment: development[39m
[32m  REST API:    http://localhost:5000/api[39m
[32m  WebSocket:   ws://localhost:5000[39m
[32m  =====================================================[39m
[32m  [39m
2025-05-13 16:51:40:5140 [32minfo[39m: [32mReport scheduler initialized[39m
2025-05-13 16:51:40:5140 [32minfo[39m: [32mAll background workers initialized[39m
2025-05-13 16:51:40:5140 [32minfo[39m: [32m[39m
[32m  =====================================================[39m
[32m  🚀 SOAR Platform running on port 5000[39m
[32m  =====================================================[39m
[32m  Environment: development[39m
[32m  REST API:    http://localhost:5000/api[39m
[32m  WebSocket:   ws://localhost:5000[39m
[32m  =====================================================[39m
[32m  [39m
2025-05-13 16:51:44:5144 [32minfo[39m: [32mFound 0 active integrations to initialize[39m
2025-05-13 16:51:44:5144 [32minfo[39m: [32mIntegration poller initialized successfully[39m
2025-05-13 16:53:15:5315 [32minfo[39m: [32mReport scheduler initialized[39m
2025-05-13 16:53:15:5315 [32minfo[39m: [32mAll background workers initialized[39m
2025-05-13 16:53:15:5315 [32minfo[39m: [32m[39m
[32m  =====================================================[39m
[32m  🚀 SOAR Platform running on port 5000[39m
[32m  =====================================================[39m
[32m  Environment: development[39m
[32m  REST API:    http://localhost:5000/api[39m
[32m  WebSocket:   ws://localhost:5000[39m
[32m  =====================================================[39m
[32m  [39m
2025-05-13 16:53:18:5318 [32minfo[39m: [32mFound 0 active integrations to initialize[39m
2025-05-13 16:53:18:5318 [32minfo[39m: [32mIntegration poller initialized successfully[39m
2025-05-13 16:54:44:5444 [32minfo[39m: [32mReport scheduler initialized[39m
2025-05-13 16:54:44:5444 [32minfo[39m: [32mAll background workers initialized[39m
2025-05-13 16:54:44:5444 [32minfo[39m: [32m[39m
[32m  =====================================================[39m
[32m  🚀 SOAR Platform running on port 5000[39m
[32m  =====================================================[39m
[32m  Environment: development[39m
[32m  REST API:    http://localhost:5000/api[39m
[32m  WebSocket:   ws://localhost:5000[39m
[32m  =====================================================[39m
[32m  [39m
2025-05-13 16:54:48:5448 [32minfo[39m: [32mFound 0 active integrations to initialize[39m
2025-05-13 16:54:48:5448 [32minfo[39m: [32mIntegration poller initialized successfully[39m
2025-05-13 16:55:54:5554 [32minfo[39m: [32mReport scheduler initialized[39m
2025-05-13 16:55:54:5554 [32minfo[39m: [32mAll background workers initialized[39m
2025-05-13 16:55:54:5554 [32minfo[39m: [32m[39m
[32m  =====================================================[39m
[32m  🚀 SOAR Platform running on port 5000[39m
[32m  =====================================================[39m
[32m  Environment: development[39m
[32m  REST API:    http://localhost:5000/api[39m
[32m  WebSocket:   ws://localhost:5000[39m
[32m  =====================================================[39m
[32m  [39m
2025-05-13 16:55:56:5556 [32minfo[39m: [32mFound 0 active integrations to initialize[39m
2025-05-13 16:55:56:5556 [32minfo[39m: [32mIntegration poller initialized successfully[39m
2025-05-13 16:56:06:566 [32minfo[39m: [32mReport scheduler initialized[39m
2025-05-13 16:56:06:566 [32minfo[39m: [32mAll background workers initialized[39m
2025-05-13 16:56:07:567 [32minfo[39m: [32m[39m
[32m  =====================================================[39m
[32m  🚀 SOAR Platform running on port 5000[39m
[32m  =====================================================[39m
[32m  Environment: development[39m
[32m  REST API:    http://localhost:5000/api[39m
[32m  WebSocket:   ws://localhost:5000[39m
[32m  =====================================================[39m
[32m  [39m
2025-05-13 16:56:10:5610 [32minfo[39m: [32mFound 0 active integrations to initialize[39m
2025-05-13 16:56:10:5610 [32minfo[39m: [32mIntegration poller initialized successfully[39m
2025-05-13 16:59:20:5920 [32minfo[39m: [32mReport scheduler initialized[39m
2025-05-13 16:59:20:5920 [32minfo[39m: [32mAll background workers initialized[39m
2025-05-13 16:59:20:5920 [32minfo[39m: [32m[39m
[32m  =====================================================[39m
[32m  🚀 SOAR Platform running on port 5000[39m
[32m  =====================================================[39m
[32m  Environment: development[39m
[32m  REST API:    http://localhost:5000/api[39m
[32m  WebSocket:   ws://localhost:5000[39m
[32m  =====================================================[39m
[32m  [39m
2025-05-13 16:59:30:5930 [32minfo[39m: [32mReport scheduler initialized[39m
2025-05-13 16:59:30:5930 [32minfo[39m: [32mAll background workers initialized[39m
2025-05-13 16:59:30:5930 [32minfo[39m: [32m[39m
[32m  =====================================================[39m
[32m  🚀 SOAR Platform running on port 5000[39m
[32m  =====================================================[39m
[32m  Environment: development[39m
[32m  REST API:    http://localhost:5000/api[39m
[32m  WebSocket:   ws://localhost:5000[39m
[32m  =====================================================[39m
[32m  [39m
2025-05-13 16:59:33:5933 [32minfo[39m: [32mFound 0 active integrations to initialize[39m
2025-05-13 16:59:33:5933 [32minfo[39m: [32mIntegration poller initialized successfully[39m
2025-05-13 17:01:00:10 [32minfo[39m: [32mReport scheduler initialized[39m
2025-05-13 17:01:00:10 [32minfo[39m: [32mAll background workers initialized[39m
2025-05-13 17:01:00:10 [32minfo[39m: [32m[39m
[32m  =====================================================[39m
[32m  🚀 SOAR Platform running on port 5000[39m
[32m  =====================================================[39m
[32m  Environment: development[39m
[32m  REST API:    http://localhost:5000/api[39m
[32m  WebSocket:   ws://localhost:5000[39m
[32m  =====================================================[39m
[32m  [39m
2025-05-13 17:01:30:130 [32minfo[39m: [32mReport scheduler initialized[39m
2025-05-13 17:01:30:130 [32minfo[39m: [32mAll background workers initialized[39m
2025-05-13 17:01:30:130 [32minfo[39m: [32m[39m
[32m  =====================================================[39m
[32m  🚀 SOAR Platform running on port 5000[39m
[32m  =====================================================[39m
[32m  Environment: development[39m
[32m  REST API:    http://localhost:5000/api[39m
[32m  WebSocket:   ws://localhost:5000[39m
[32m  =====================================================[39m
[32m  [39m
2025-05-13 17:01:32:132 [32minfo[39m: [32mFound 0 active integrations to initialize[39m
2025-05-13 17:01:32:132 [32minfo[39m: [32mIntegration poller initialized successfully[39m
2025-05-13 17:01:42:142 [32minfo[39m: [32mReport scheduler initialized[39m
2025-05-13 17:01:42:142 [32minfo[39m: [32mAll background workers initialized[39m
2025-05-13 17:01:42:142 [32minfo[39m: [32m[39m
[32m  =====================================================[39m
[32m  🚀 SOAR Platform running on port 5000[39m
[32m  =====================================================[39m
[32m  Environment: development[39m
[32m  REST API:    http://localhost:5000/api[39m
[32m  WebSocket:   ws://localhost:5000[39m
[32m  =====================================================[39m
[32m  [39m
2025-05-13 17:01:46:146 [32minfo[39m: [32mFound 0 active integrations to initialize[39m
2025-05-13 17:01:46:146 [32minfo[39m: [32mIntegration poller initialized successfully[39m
2025-05-13 17:04:36:436 [32minfo[39m: [32mReport scheduler initialized[39m
2025-05-13 17:04:36:436 [32minfo[39m: [32mAll background workers initialized[39m
2025-05-13 17:04:36:436 [32minfo[39m: [32m[39m
[32m  =====================================================[39m
[32m  🚀 SOAR Platform running on port 5000[39m
[32m  =====================================================[39m
[32m  Environment: development[39m
[32m  REST API:    http://localhost:5000/api[39m
[32m  WebSocket:   ws://localhost:5000[39m
[32m  =====================================================[39m
[32m  [39m
2025-05-13 17:04:38:438 [32minfo[39m: [32mFound 0 active integrations to initialize[39m
2025-05-13 17:04:38:438 [32minfo[39m: [32mIntegration poller initialized successfully[39m
2025-05-13 17:09:07:97 [32minfo[39m: [32mReport scheduler initialized[39m
2025-05-13 17:09:07:97 [32minfo[39m: [32mAll background workers initialized[39m
2025-05-13 17:09:07:97 [32minfo[39m: [32m[39m
[32m  =====================================================[39m
[32m  🚀 SOAR Platform running on port 5000[39m
[32m  =====================================================[39m
[32m  Environment: development[39m
[32m  REST API:    http://localhost:5000/api[39m
[32m  WebSocket:   ws://localhost:5000[39m
[32m  =====================================================[39m
[32m  [39m
2025-05-13 17:09:11:911 [32minfo[39m: [32mFound 0 active integrations to initialize[39m
2025-05-13 17:09:11:911 [32minfo[39m: [32mIntegration poller initialized successfully[39m
2025-05-13 17:09:29:929 [32minfo[39m: [32mReport scheduler initialized[39m
2025-05-13 17:09:29:929 [32minfo[39m: [32mAll background workers initialized[39m
2025-05-13 17:09:29:929 [32minfo[39m: [32m[39m
[32m  =====================================================[39m
[32m  🚀 SOAR Platform running on port 5000[39m
[32m  =====================================================[39m
[32m  Environment: development[39m
[32m  REST API:    http://localhost:5000/api[39m
[32m  WebSocket:   ws://localhost:5000[39m
[32m  =====================================================[39m
[32m  [39m
2025-05-13 17:09:33:933 [32minfo[39m: [32mFound 0 active integrations to initialize[39m
2025-05-13 17:09:33:933 [32minfo[39m: [32mIntegration poller initialized successfully[39m
2025-05-13 17:09:42:942 [32minfo[39m: [32mReport scheduler initialized[39m
2025-05-13 17:09:42:942 [32minfo[39m: [32mAll background workers initialized[39m
2025-05-13 17:09:42:942 [32minfo[39m: [32m[39m
[32m  =====================================================[39m
[32m  🚀 SOAR Platform running on port 5000[39m
[32m  =====================================================[39m
[32m  Environment: development[39m
[32m  REST API:    http://localhost:5000/api[39m
[32m  WebSocket:   ws://localhost:5000[39m
[32m  =====================================================[39m
[32m  [39m
2025-05-13 17:09:44:944 [32minfo[39m: [32mFound 0 active integrations to initialize[39m
2025-05-13 17:09:44:944 [32minfo[39m: [32mIntegration poller initialized successfully[39m
2025-05-13 17:11:14:1114 [32minfo[39m: [32mReport scheduler initialized[39m
2025-05-13 17:11:14:1114 [32minfo[39m: [32mAll background workers initialized[39m
2025-05-13 17:11:14:1114 [32minfo[39m: [32m[39m
[32m  =====================================================[39m
[32m  🚀 SOAR Platform running on port 5000[39m
[32m  =====================================================[39m
[32m  Environment: development[39m
[32m  REST API:    http://localhost:5000/api[39m
[32m  WebSocket:   ws://localhost:5000[39m
[32m  =====================================================[39m
[32m  [39m
2025-05-13 17:11:41:1141 [32minfo[39m: [32mReport scheduler initialized[39m
2025-05-13 17:11:41:1141 [32minfo[39m: [32mAll background workers initialized[39m
2025-05-13 17:11:41:1141 [32minfo[39m: [32m[39m
[32m  =====================================================[39m
[32m  🚀 SOAR Platform running on port 5000[39m
[32m  =====================================================[39m
[32m  Environment: development[39m
[32m  REST API:    http://localhost:5000/api[39m
[32m  WebSocket:   ws://localhost:5000[39m
[32m  =====================================================[39m
[32m  [39m
2025-05-13 17:11:45:1145 [32minfo[39m: [32mFound 0 active integrations to initialize[39m
2025-05-13 17:11:45:1145 [32minfo[39m: [32mIntegration poller initialized successfully[39m
2025-05-13 17:13:46:1346 [32minfo[39m: [32mReport scheduler initialized[39m
2025-05-13 17:13:46:1346 [32minfo[39m: [32mAll background workers initialized[39m
2025-05-13 17:13:46:1346 [32minfo[39m: [32m[39m
[32m  =====================================================[39m
[32m  🚀 SOAR Platform running on port 5000[39m
[32m  =====================================================[39m
[32m  Environment: development[39m
[32m  REST API:    http://localhost:5000/api[39m
[32m  WebSocket:   ws://localhost:5000[39m
[32m  =====================================================[39m
[32m  [39m
2025-05-13 17:13:48:1348 [32minfo[39m: [32mFound 0 active integrations to initialize[39m
2025-05-13 17:13:48:1348 [32minfo[39m: [32mIntegration poller initialized successfully[39m
2025-05-13 17:14:16:1416 [32minfo[39m: [32mReport scheduler initialized[39m
2025-05-13 17:14:16:1416 [32minfo[39m: [32mAll background workers initialized[39m
2025-05-13 17:14:16:1416 [32minfo[39m: [32m[39m
[32m  =====================================================[39m
[32m  🚀 SOAR Platform running on port 5000[39m
[32m  =====================================================[39m
[32m  Environment: development[39m
[32m  REST API:    http://localhost:5000/api[39m
[32m  WebSocket:   ws://localhost:5000[39m
[32m  =====================================================[39m
[32m  [39m
2025-05-13 17:14:19:1419 [32minfo[39m: [32mFound 0 active integrations to initialize[39m
2025-05-13 17:14:19:1419 [32minfo[39m: [32mIntegration poller initialized successfully[39m
2025-05-13 17:14:39:1439 [32minfo[39m: [32mReport scheduler initialized[39m
2025-05-13 17:14:39:1439 [32minfo[39m: [32mAll background workers initialized[39m
2025-05-13 17:14:39:1439 [32minfo[39m: [32m[39m
[32m  =====================================================[39m
[32m  🚀 SOAR Platform running on port 5000[39m
[32m  =====================================================[39m
[32m  Environment: development[39m
[32m  REST API:    http://localhost:5000/api[39m
[32m  WebSocket:   ws://localhost:5000[39m
[32m  =====================================================[39m
[32m  [39m
2025-05-13 17:14:42:1442 [32minfo[39m: [32mFound 0 active integrations to initialize[39m
2025-05-13 17:14:42:1442 [32minfo[39m: [32mIntegration poller initialized successfully[39m
2025-05-13 17:15:35:1535 [32minfo[39m: [32mReport scheduler initialized[39m
2025-05-13 17:15:35:1535 [32minfo[39m: [32mAll background workers initialized[39m
2025-05-13 17:15:35:1535 [32minfo[39m: [32m[39m
[32m  =====================================================[39m
[32m  🚀 SOAR Platform running on port 5000[39m
[32m  =====================================================[39m
[32m  Environment: development[39m
[32m  REST API:    http://localhost:5000/api[39m
[32m  WebSocket:   ws://localhost:5000[39m
[32m  =====================================================[39m
[32m  [39m
2025-05-13 17:15:38:1538 [32minfo[39m: [32mFound 0 active integrations to initialize[39m
2025-05-13 17:15:38:1538 [32minfo[39m: [32mIntegration poller initialized successfully[39m
2025-05-13 17:15:51:1551 [32minfo[39m: [32mReport scheduler initialized[39m
2025-05-13 17:15:51:1551 [32minfo[39m: [32mAll background workers initialized[39m
2025-05-13 17:15:51:1551 [32minfo[39m: [32m[39m
[32m  =====================================================[39m
[32m  🚀 SOAR Platform running on port 5000[39m
[32m  =====================================================[39m
[32m  Environment: development[39m
[32m  REST API:    http://localhost:5000/api[39m
[32m  WebSocket:   ws://localhost:5000[39m
[32m  =====================================================[39m
[32m  [39m
2025-05-13 17:15:55:1555 [32minfo[39m: [32mFound 0 active integrations to initialize[39m
2025-05-13 17:15:55:1555 [32minfo[39m: [32mIntegration poller initialized successfully[39m
2025-05-13 17:16:16:1616 [32minfo[39m: [32mReport scheduler initialized[39m
2025-05-13 17:16:16:1616 [32minfo[39m: [32mAll background workers initialized[39m
2025-05-13 17:16:16:1616 [32minfo[39m: [32m[39m
[32m  =====================================================[39m
[32m  🚀 SOAR Platform running on port 5000[39m
[32m  =====================================================[39m
[32m  Environment: development[39m
[32m  REST API:    http://localhost:5000/api[39m
[32m  WebSocket:   ws://localhost:5000[39m
[32m  =====================================================[39m
[32m  [39m
2025-05-13 17:16:20:1620 [32minfo[39m: [32mFound 0 active integrations to initialize[39m
2025-05-13 17:16:20:1620 [32minfo[39m: [32mIntegration poller initialized successfully[39m
2025-05-13 17:16:46:1646 [32minfo[39m: [32mReport scheduler initialized[39m
2025-05-13 17:16:46:1646 [32minfo[39m: [32mAll background workers initialized[39m
2025-05-13 17:16:46:1646 [32minfo[39m: [32m[39m
[32m  =====================================================[39m
[32m  🚀 SOAR Platform running on port 5000[39m
[32m  =====================================================[39m
[32m  Environment: development[39m
[32m  REST API:    http://localhost:5000/api[39m
[32m  WebSocket:   ws://localhost:5000[39m
[32m  =====================================================[39m
[32m  [39m
2025-05-13 17:16:49:1649 [32minfo[39m: [32mFound 0 active integrations to initialize[39m
2025-05-13 17:16:49:1649 [32minfo[39m: [32mIntegration poller initialized successfully[39m
2025-05-13 17:17:30:1730 [32minfo[39m: [32mReport scheduler initialized[39m
2025-05-13 17:17:30:1730 [32minfo[39m: [32mAll background workers initialized[39m
2025-05-13 17:17:30:1730 [32minfo[39m: [32m[39m
[32m  =====================================================[39m
[32m  🚀 SOAR Platform running on port 5000[39m
[32m  =====================================================[39m
[32m  Environment: development[39m
[32m  REST API:    http://localhost:5000/api[39m
[32m  WebSocket:   ws://localhost:5000[39m
[32m  =====================================================[39m
[32m  [39m
2025-05-13 17:17:33:1733 [32minfo[39m: [32mFound 0 active integrations to initialize[39m
2025-05-13 17:17:33:1733 [32minfo[39m: [32mIntegration poller initialized successfully[39m
2025-05-13 17:18:19:1819 [32minfo[39m: [32mReport scheduler initialized[39m
2025-05-13 17:18:19:1819 [32minfo[39m: [32mAll background workers initialized[39m
2025-05-13 17:18:19:1819 [32minfo[39m: [32m[39m
[32m  =====================================================[39m
[32m  🚀 SOAR Platform running on port 5000[39m
[32m  =====================================================[39m
[32m  Environment: development[39m
[32m  REST API:    http://localhost:5000/api[39m
[32m  WebSocket:   ws://localhost:5000[39m
[32m  =====================================================[39m
[32m  [39m
2025-05-13 17:18:22:1822 [32minfo[39m: [32mFound 0 active integrations to initialize[39m
2025-05-13 17:18:22:1822 [32minfo[39m: [32mIntegration poller initialized successfully[39m
2025-05-13 17:28:04:284 [32minfo[39m: [32mStarting graceful shutdown...[39m
